ANALYZER s("s")
s.setAnalyzer("run7_cosmic_all_trigger_xArapuca_v4_Ch1_2000ADCs/analyzed.root")
s.kch = 4
TF1 *f = new TF1("f","[0]*exp(-(x-2700)/[1])",2000,10000); f->SetParameters(3000,850);
s.persistence_plot(1000,-500,6000,16,"Ch4.peak/24.5 > 80 && Ch4.peak/24.5 < 120")
s.averageWaveform(0,"use_mine")
s.h->Draw("SAMES")
s.h->Draw("SAMES"); s.h->SetLineWidth(3); s.h->SetLineColor(kBlack);



ANALYZER s("s")
s.setAnalyzer("run10_cosmic_all_trigger_xArapuca_v5_Ch2_2000ADCs/analyzed.root")
s.kch = 5
TF1 *f = new TF1("f","[0]*exp(-(x-2700)/[1])",2000,10000); f->SetParameters(3000,850);
s.persistence_plot(1000,-500,6000,16,"Ch5.peak/28 > 80 && Ch5.peak/28 < 120")
s.averageWaveform(0,"use_mine")
s.h->Draw("SAMES")
s.h->Draw("SAMES"); s.h->SetLineWidth(3); s.h->SetLineColor(kBlack);


ANALYZER s("s")
s.setAnalyzer("run15_cosmic_all_trigger_Argon4_300ADCs/analyzed.root")
s.kch = 1
TF1 *f = new TF1("f","[0]*exp(-(x-2700)/[1])",2000,10000); f->SetParameters(3000,850);
s.persistence_plot(1000,-500,6000,16,"Ch1.peak/3.3 > 80 && Ch1.peak/3.3 < 120")
s.averageWaveform(0,"use_mine")
s.h->Draw("SAMES")
s.h->Draw("SAMES"); s.h->SetLineWidth(3); s.h->SetLineColor(kBlack);

ANALYZER s("s")
s.setAnalyzer("run14_cosmic_all_trigger_Argon2x2_2000ADCs/analyzed.root")
s.kch = 0
TF1 *f = new TF1("f","[0]*exp(-(x-2700)/[1])",2000,10000); f->SetParameters(3000,850);
s.persistence_plot(1000,-500,6000,16,"Ch0.peak/42 > 80 && Ch0.peak/42 < 120")
s.averageWaveform(0,"use_mine")
s.h->Draw("SAMES")
s.h->Draw("SAMES"); s.h->SetLineWidth(3); s.h->SetLineColor(kBlack);

ANALYZER s("s")
s.setAnalyzer("run18_cosmic_all_trigger_xArapucaV1_DCemVD1dot0_500ADCs/analyzed.root")
s.kch = 2
TF1 *f = new TF1("f","[0]*exp(-(x-2700)/[1])",2000,10000); f->SetParameters(3000,850);
s.persistence_plot(1000,-500,6000,16,"Ch2.peak/5.5 > 80 && Ch2.peak/5.5 < 120")
s.averageWaveform(0,"use_mine")
s.h->Draw("SAMES")
s.h->Draw("SAMES"); s.h->SetLineWidth(3); s.h->SetLineColor(kBlack);
