event: 1 Id: -1 wire: 131 peakT: 6150 
event: 1 Id: 2 wire: 135 peakT: 6342.6 
event: 1 Id: 3 wire: 177 peakT: 583.727 
event: 1 Id: -1 wire: 179 peakT: 407.81 
event: 1 Id: 3 wire: 179 peakT: 602.985 
event: 1 Id: 5 wire: 183 peakT: 743.472 
event: 1 Id: 4 wire: 217 peakT: 936.396 


event: 2 Id: -1 wire: 129 peakT: 1904.3 
event: 2 Id: 0 wire: 131 peakT: 5917.61 
event: 2 Id: -1 wire: 131 peakT: 5927.4 
event: 2 Id: 0 wire: 132 peakT: 5896.19 
event: 2 Id: -1 wire: 132 peakT: 5924.65 
event: 2 Id: 0 wire: 133 peakT: 5890.21 
event: 2 Id: -1 wire: 133 peakT: 5921.25 
event: 2 Id: 0 wire: 134 peakT: 5855.3 
event: 2 Id: -1 wire: 140 peakT: 5507.17 
event: 2 Id: 0 wire: 140 peakT: 5688 
event: 2 Id: -1 wire: 247 peakT: 1528.13 


event: 3 Id: 3 wire: 140 peakT: 2700.14 
event: 3 Id: 2 wire: 142 peakT: 2852.17 


event: 4 Id: 5 wire: 167 peakT: 6146.21 
event: 4 Id: 0 wire: 190 peakT: 7525.13 
event: 4 Id: -1 wire: 210 peakT: 6237.03 


event: 5 Id: -1 wire: 142 peakT: 7526.81 
event: 5 Id: 4 wire: 158 peakT: 1243 
event: 5 Id: -1 wire: 180 peakT: 4291.34 
event: 5 Id: 1 wire: 211 peakT: 9909.74 


event: 6 Id: -1 wire: 139 peakT: 4707.48 
event: 6 Id: 2 wire: 174 peakT: 6113.03 
event: 6 Id: -1 wire: 198 peakT: 6159.85 


event: 7 Id: 0 wire: 128 peakT: 888.232 
event: 7 Id: -1 wire: 146 peakT: 5631.14 
event: 7 Id: 0 wire: 147 peakT: 736.649 
event: 7 Id: -1 wire: 155 peakT: 7232.97 
event: 7 Id: 0 wire: 156 peakT: 663.925 
event: 7 Id: -1 wire: 157 peakT: 2042.5 
event: 7 Id: 0 wire: 158 peakT: 646.637 
event: 7 Id: -1 wire: 158 peakT: 2042.36 
event: 7 Id: 0 wire: 159 peakT: 637.172 
event: 7 Id: -1 wire: 173 peakT: 567.534 
event: 7 Id: 3 wire: 241 peakT: 7728.79 


event: 8 Id: 3 wire: 165 peakT: 7701.97 
event: 8 Id: 2 wire: 170 peakT: 3419.26 
event: 8 Id: -1 wire: 171 peakT: 3162 
event: 8 Id: 2 wire: 171 peakT: 3384 
event: 8 Id: -1 wire: 171 peakT: 3453.5 
event: 8 Id: 2 wire: 171 peakT: 3526 
event: 8 Id: -1 wire: 171 peakT: 3556 
event: 8 Id: 2 wire: 172 peakT: 3386.13 
event: 8 Id: -1 wire: 172 peakT: 3451.57 
event: 8 Id: 2 wire: 172 peakT: 3471.86 
event: 8 Id: -1 wire: 172 peakT: 3551 
event: 8 Id: 2 wire: 173 peakT: 3377.9 
event: 8 Id: -1 wire: 173 peakT: 3454.33 
event: 8 Id: 2 wire: 173 peakT: 3519.42 
event: 8 Id: -1 wire: 173 peakT: 3600.18 
event: 8 Id: 2 wire: 174 peakT: 3372.08 
event: 8 Id: -1 wire: 174 peakT: 3454.14 


event: 9 Id: -1 wire: 159 peakT: 5190.19 


event: 10 Id: -1 wire: 210 peakT: 6815 